# JRE version: OpenJDK Runtime Environment (20.0+36) (build 20+36-2344)
# Java VM: OpenJDK 64-Bit Server VM (20+36-2344, mixed mode, sharing, tiered, compressed oops, compressed class ptrs, g1 gc, windows-amd64)
GC Precious Log:
 CardTable entry size: 512
 Card Set container configuration: InlinePtr #cards 4 size 8 Array Of Cards #cards 16 size 48 Howl #buckets 8 coarsen threshold 3686 Howl Bitmap #cards 512 size 80 coarsen threshold 460 Card regions per heap region 1 cards per card region 4096
 CPUs: 8 total, 8 available
 Memory: 14269M
 Large Page Support: Disabled
 NUMA Support: Disabled
 Compressed Oops: Enabled (Zero based)
 Heap Region Size: 2M
 Heap Min Capacity: 8M
 Heap Initial Capacity: 224M
 Heap Max Capacity: 3568M
 Pre-touch: Disabled
 Parallel Workers: 8
 Concurrent Workers: 2
 Concurrent Refinement Workers: 8
 Periodic GC: Disabled
Heap:
 garbage-first heap   total 73728K, used 47214K [0x0000000721000000, 0x0000000800000000)
  region size 2048K, 13 young (26624K), 1 survivors (2048K)
 Metaspace       used 53022K, committed 53696K, reserved 1114112K
  class space    used 6463K, committed 6784K, reserved 1048576K
GC Heap History (20 events):
Event: 3521.702 GC heap before
{Heap before GC invocations=93 (full 0):
 garbage-first heap   total 73728K, used 59501K [0x0000000721000000, 0x0000000800000000)
  region size 2048K, 18 young (36864K), 1 survivors (2048K)
 Metaspace       used 53022K, committed 53696K, reserved 1114112K
  class space    used 6463K, committed 6784K, reserved 1048576K
}
Event: 3521.703 GC heap after
{Heap after GC invocations=94 (full 0):
 garbage-first heap   total 73728K, used 26727K [0x0000000721000000, 0x0000000800000000)
  region size 2048K, 1 young (2048K), 1 survivors (2048K)
 Metaspace       used 53022K, committed 53696K, reserved 1114112K
  class space    used 6463K, committed 6784K, reserved 1048576K
}
Event: 3522.067 GC heap before
{Heap before GC invocations=94 (full 0):
 garbage-first heap   total 73728K, used 59495K [0x0000000721000000, 0x0000000800000000)
  region size 2048K, 18 young (36864K), 1 survivors (2048K)
 Metaspace       used 53022K, committed 53696K, reserved 1114112K
  class space    used 6463K, committed 6784K, reserved 1048576K
}
Event: 3522.069 GC heap after
{Heap after GC invocations=95 (full 0):
 garbage-first heap   total 73728K, used 26713K [0x0000000721000000, 0x0000000800000000)
  region size 2048K, 1 young (2048K), 1 survivors (2048K)
 Metaspace       used 53022K, committed 53696K, reserved 1114112K
  class space    used 6463K, committed 6784K, reserved 1048576K
}
Event: 3522.559 GC heap before
{Heap before GC invocations=95 (full 0):
 garbage-first heap   total 73728K, used 59481K [0x0000000721000000, 0x0000000800000000)
  region size 2048K, 18 young (36864K), 1 survivors (2048K)
 Metaspace       used 53022K, committed 53696K, reserved 1114112K
  class space    used 6463K, committed 6784K, reserved 1048576K
}
Event: 3522.560 GC heap after
{Heap after GC invocations=96 (full 0):
 garbage-first heap   total 73728K, used 26759K [0x0000000721000000, 0x0000000800000000)
  region size 2048K, 1 young (2048K), 1 survivors (2048K)
 Metaspace       used 53022K, committed 53696K, reserved 1114112K
  class space    used 6463K, committed 6784K, reserved 1048576K
}
Event: 3523.066 GC heap before
{Heap before GC invocations=96 (full 0):
 garbage-first heap   total 73728K, used 59527K [0x0000000721000000, 0x0000000800000000)
  region size 2048K, 18 young (36864K), 1 survivors (2048K)
 Metaspace       used 53022K, committed 53696K, reserved 1114112K
  class space    used 6463K, committed 6784K, reserved 1048576K
}
Event: 3523.067 GC heap after
{Heap after GC invocations=97 (full 0):
 garbage-first heap   total 73728K, used 26729K [0x0000000721000000, 0x0000000800000000)
  region size 2048K, 1 young (2048K), 1 survivors (2048K)
 Metaspace       used 53022K, committed 53696K, reserved 1114112K
  class space    used 6463K, committed 6784K, reserved 1048576K
}
Event: 3523.581 GC heap before
{Heap before GC invocations=97 (full 0):
 garbage-first heap   total 73728K, used 61545K [0x0000000721000000, 0x0000000800000000)
  region size 2048K, 18 young (36864K), 1 survivors (2048K)
 Metaspace       used 53022K, committed 53696K, reserved 1114112K
  class space    used 6463K, committed 6784K, reserved 1048576K
}
Event: 3523.582 GC heap after
{Heap after GC invocations=98 (full 0):
 garbage-first heap   total 73728K, used 26723K [0x0000000721000000, 0x0000000800000000)
  region size 2048K, 1 young (2048K), 1 survivors (2048K)
 Metaspace       used 53022K, committed 53696K, reserved 1114112K
  class space    used 6463K, committed 6784K, reserved 1048576K
}
Event: 3523.977 GC heap before
{Heap before GC invocations=98 (full 0):
 garbage-first heap   total 73728K, used 61539K [0x0000000721000000, 0x0000000800000000)
  region size 2048K, 18 young (36864K), 1 survivors (2048K)
 Metaspace       used 53022K, committed 53696K, reserved 1114112K
  class space    used 6463K, committed 6784K, reserved 1048576K
}
Event: 3523.978 GC heap after
{Heap after GC invocations=99 (full 0):
 garbage-first heap   total 73728K, used 26742K [0x0000000721000000, 0x0000000800000000)
  region size 2048K, 1 young (2048K), 1 survivors (2048K)
 Metaspace       used 53022K, committed 53696K, reserved 1114112K
  class space    used 6463K, committed 6784K, reserved 1048576K
}
Event: 3524.324 GC heap before
{Heap before GC invocations=99 (full 0):
 garbage-first heap   total 73728K, used 59510K [0x0000000721000000, 0x0000000800000000)
  region size 2048K, 18 young (36864K), 1 survivors (2048K)
 Metaspace       used 53022K, committed 53696K, reserved 1114112K
  class space    used 6463K, committed 6784K, reserved 1048576K
}
Event: 3524.325 GC heap after
{Heap after GC invocations=100 (full 0):
 garbage-first heap   total 73728K, used 26719K [0x0000000721000000, 0x0000000800000000)
  region size 2048K, 1 young (2048K), 1 survivors (2048K)
 Metaspace       used 53022K, committed 53696K, reserved 1114112K
  class space    used 6463K, committed 6784K, reserved 1048576K
}
Event: 3524.665 GC heap before
{Heap before GC invocations=100 (full 0):
 garbage-first heap   total 73728K, used 59487K [0x0000000721000000, 0x0000000800000000)
  region size 2048K, 18 young (36864K), 1 survivors (2048K)
 Metaspace       used 53022K, committed 53696K, reserved 1114112K
  class space    used 6463K, committed 6784K, reserved 1048576K
}
Event: 3524.666 GC heap after
{Heap after GC invocations=101 (full 0):
 garbage-first heap   total 73728K, used 26733K [0x0000000721000000, 0x0000000800000000)
  region size 2048K, 1 young (2048K), 1 survivors (2048K)
 Metaspace       used 53022K, committed 53696K, reserved 1114112K
  class space    used 6463K, committed 6784K, reserved 1048576K
}
Event: 3525.021 GC heap before
{Heap before GC invocations=101 (full 0):
 garbage-first heap   total 73728K, used 61549K [0x0000000721000000, 0x0000000800000000)
  region size 2048K, 18 young (36864K), 1 survivors (2048K)
 Metaspace       used 53022K, committed 53696K, reserved 1114112K
  class space    used 6463K, committed 6784K, reserved 1048576K
}
Event: 3525.022 GC heap after
{Heap after GC invocations=102 (full 0):
 garbage-first heap   total 73728K, used 26753K [0x0000000721000000, 0x0000000800000000)
  region size 2048K, 1 young (2048K), 1 survivors (2048K)
 Metaspace       used 53022K, committed 53696K, reserved 1114112K
  class space    used 6463K, committed 6784K, reserved 1048576K
}
Event: 3525.353 GC heap before
{Heap before GC invocations=102 (full 0):
 garbage-first heap   total 73728K, used 59521K [0x0000000721000000, 0x0000000800000000)
  region size 2048K, 18 young (36864K), 1 survivors (2048K)
 Metaspace       used 53022K, committed 53696K, reserved 1114112K
  class space    used 6463K, committed 6784K, reserved 1048576K
}
Event: 3525.354 GC heap after
{Heap after GC invocations=103 (full 0):
 garbage-first heap   total 73728K, used 26734K [0x0000000721000000, 0x0000000800000000)
  region size 2048K, 1 young (2048K), 1 survivors (2048K)
 Metaspace       used 53022K, committed 53696K, reserved 1114112K
  class space    used 6463K, committed 6784K, reserved 1048576K
}

